<?xml version="1.0" encoding="UTF-8"?>
<testng-results skipped="0" failed="0" ignored="0" total="1" passed="1">
  <reporter-output>
  </reporter-output>
  <suite name="Default suite" duration-ms="5558" started-at="2023-12-17T05:17:01Z" finished-at="2023-12-17T05:17:06Z">
    <groups>
    </groups>
    <test name="Default test" duration-ms="5558" started-at="2023-12-17T05:17:01Z" finished-at="2023-12-17T05:17:06Z">
      <class name="com.test.LoginTest">
        <test-method status="PASS" signature="openBrowser()[pri:0, instance:com.test.LoginTest@18eed359]" name="openBrowser" is-config="true" duration-ms="4709" started-at="2023-12-17T10:47:01Z" finished-at="2023-12-17T10:47:05Z">
          <reporter-output>
          </reporter-output>
        </test-method> <!-- openBrowser -->
        <test-method status="PASS" signature="validateTitleOfDash()[pri:0, instance:com.test.LoginTest@18eed359]" name="validateTitleOfDash" duration-ms="823" started-at="2023-12-17T10:47:05Z" finished-at="2023-12-17T10:47:06Z">
          <reporter-output>
          </reporter-output>
        </test-method> <!-- validateTitleOfDash -->
      </class> <!-- com.test.LoginTest -->
    </test> <!-- Default test -->
  </suite> <!-- Default suite -->
</testng-results>
